TN:
SF:routes.js
FN:11,(anonymous_0)
FN:16,calculateInspectionScore
FN:17,(anonymous_2)
FN:26,(anonymous_3)
FN:38,calculateDangerScore
FN:39,(anonymous_5)
FN:55,(anonymous_6)
FN:74,handlePaginationResponse
FN:97,(anonymous_8)
FN:104,(anonymous_9)
FN:122,(anonymous_10)
FN:148,(anonymous_11)
FN:152,(anonymous_12)
FN:171,(anonymous_13)
FN:176,(anonymous_14)
FN:177,(anonymous_15)
FN:208,(anonymous_16)
FN:234,(anonymous_17)
FN:242,(anonymous_18)
FN:262,(anonymous_19)
FN:268,(anonymous_20)
FN:269,(anonymous_21)
FN:327,(anonymous_22)
FN:340,(anonymous_23)
FN:365,(anonymous_24)
FN:378,(anonymous_25)
FN:379,(anonymous_26)
FN:395,(anonymous_27)
FN:396,(anonymous_28)
FN:419,(anonymous_29)
FN:577,(anonymous_30)
FN:579,(anonymous_31)
FN:598,(anonymous_32)
FN:606,(anonymous_33)
FN:607,(anonymous_34)
FN:640,(anonymous_35)
FN:652,(anonymous_36)
FNF:37
FNH:31
FNDA:1,(anonymous_0)
FNDA:0,calculateInspectionScore
FNDA:0,(anonymous_2)
FNDA:0,(anonymous_3)
FNDA:0,calculateDangerScore
FNDA:0,(anonymous_5)
FNDA:0,(anonymous_6)
FNDA:1,handlePaginationResponse
FNDA:4,(anonymous_8)
FNDA:4,(anonymous_9)
FNDA:3,(anonymous_10)
FNDA:3,(anonymous_11)
FNDA:3,(anonymous_12)
FNDA:3,(anonymous_13)
FNDA:3,(anonymous_14)
FNDA:3,(anonymous_15)
FNDA:4,(anonymous_16)
FNDA:4,(anonymous_17)
FNDA:2,(anonymous_18)
FNDA:3,(anonymous_19)
FNDA:3,(anonymous_20)
FNDA:3,(anonymous_21)
FNDA:4,(anonymous_22)
FNDA:4,(anonymous_23)
FNDA:4,(anonymous_24)
FNDA:3,(anonymous_25)
FNDA:3,(anonymous_26)
FNDA:2,(anonymous_27)
FNDA:2,(anonymous_28)
FNDA:1,(anonymous_29)
FNDA:3,(anonymous_30)
FNDA:3,(anonymous_31)
FNDA:3,(anonymous_32)
FNDA:3,(anonymous_33)
FNDA:3,(anonymous_34)
FNDA:4,(anonymous_35)
FNDA:3,(anonymous_36)
DA:1,1
DA:2,1
DA:4,1
DA:11,1
DA:13,1
DA:17,0
DA:18,0
DA:26,0
DA:27,0
DA:28,0
DA:29,0
DA:30,0
DA:32,0
DA:39,0
DA:40,0
DA:46,0
DA:55,0
DA:56,0
DA:57,0
DA:58,0
DA:59,0
DA:61,0
DA:75,1
DA:76,1
DA:84,1
DA:97,1
DA:98,4
DA:99,4
DA:100,4
DA:101,4
DA:103,4
DA:105,4
DA:106,1
DA:107,1
DA:108,1
DA:111,3
DA:112,0
DA:119,0
DA:122,3
DA:123,3
DA:124,1
DA:125,1
DA:126,1
DA:129,2
DA:130,2
DA:132,2
DA:148,1
DA:149,3
DA:151,3
DA:153,3
DA:154,1
DA:155,1
DA:156,1
DA:159,2
DA:160,1
DA:162,1
DA:171,1
DA:172,3
DA:174,3
DA:175,3
DA:176,3
DA:177,3
DA:178,3
DA:179,1
DA:181,2
DA:186,2
DA:187,1
DA:190,1
DA:195,1
DA:196,1
DA:208,1
DA:209,4
DA:211,4
DA:217,4
DA:223,4
DA:225,4
DA:226,1
DA:227,1
DA:229,4
DA:230,1
DA:231,1
DA:234,4
DA:235,4
DA:236,1
DA:237,1
DA:238,1
DA:241,3
DA:242,2
DA:250,1
DA:262,1
DA:263,3
DA:266,3
DA:267,3
DA:268,3
DA:269,3
DA:270,3
DA:271,1
DA:273,2
DA:278,2
DA:279,1
DA:282,1
DA:289,1
DA:290,1
DA:327,1
DA:328,4
DA:329,4
DA:333,4
DA:335,4
DA:336,1
DA:337,1
DA:340,4
DA:341,4
DA:342,1
DA:343,1
DA:344,1
DA:347,3
DA:348,2
DA:350,1
DA:365,1
DA:366,4
DA:367,4
DA:369,4
DA:375,4
DA:376,3
DA:377,3
DA:378,3
DA:379,3
DA:380,3
DA:381,0
DA:383,3
DA:388,3
DA:389,1
DA:392,2
DA:395,2
DA:396,2
DA:397,2
DA:398,0
DA:400,2
DA:408,1
DA:411,1
DA:419,1
DA:420,1
DA:421,0
DA:422,0
DA:424,1
DA:427,1
DA:428,1
DA:431,1
DA:577,1
DA:578,3
DA:579,3
DA:580,3
DA:581,1
DA:582,1
DA:585,2
DA:586,1
DA:588,1
DA:598,1
DA:599,3
DA:601,3
DA:605,3
DA:606,3
DA:607,3
DA:608,3
DA:609,1
DA:611,2
DA:616,2
DA:617,1
DA:621,1
DA:623,1
DA:630,1
DA:631,1
DA:640,1
DA:641,4
DA:643,4
DA:644,4
DA:652,4
DA:653,3
DA:654,1
DA:655,1
DA:656,1
DA:659,2
DA:660,1
DA:662,1
DA:666,1
DA:667,1
DA:672,1
LF:187
LH:164
BRDA:11,0,0,1
BRDA:11,0,1,0
BRDA:27,1,0,0
BRDA:27,1,1,0
BRDA:29,2,0,0
BRDA:29,2,1,0
BRDA:30,3,0,0
BRDA:30,3,1,0
BRDA:38,4,0,0
BRDA:56,5,0,0
BRDA:56,5,1,0
BRDA:58,6,0,0
BRDA:58,6,1,0
BRDA:58,7,0,0
BRDA:58,7,1,0
BRDA:99,8,0,4
BRDA:99,8,1,0
BRDA:100,9,0,4
BRDA:100,9,1,0
BRDA:105,10,0,1
BRDA:105,10,1,3
BRDA:111,11,0,0
BRDA:111,11,1,3
BRDA:123,12,0,1
BRDA:123,12,1,2
BRDA:153,13,0,1
BRDA:153,13,1,2
BRDA:159,14,0,1
BRDA:159,14,1,1
BRDA:178,15,0,1
BRDA:178,15,1,2
BRDA:186,16,0,1
BRDA:186,16,1,1
BRDA:225,17,0,1
BRDA:225,17,1,3
BRDA:229,18,0,1
BRDA:229,18,1,3
BRDA:235,19,0,1
BRDA:235,19,1,3
BRDA:241,20,0,2
BRDA:241,20,1,1
BRDA:270,21,0,1
BRDA:270,21,1,2
BRDA:278,22,0,1
BRDA:278,22,1,1
BRDA:335,23,0,1
BRDA:335,23,1,3
BRDA:341,24,0,1
BRDA:341,24,1,3
BRDA:347,25,0,2
BRDA:347,25,1,1
BRDA:375,26,0,3
BRDA:375,26,1,1
BRDA:375,27,0,4
BRDA:375,27,1,1
BRDA:380,28,0,0
BRDA:380,28,1,3
BRDA:388,29,0,1
BRDA:388,29,1,2
BRDA:397,30,0,0
BRDA:397,30,1,2
BRDA:408,31,0,1
BRDA:408,31,1,0
BRDA:420,32,0,0
BRDA:420,32,1,1
BRDA:580,33,0,1
BRDA:580,33,1,2
BRDA:585,34,0,1
BRDA:585,34,1,1
BRDA:608,35,0,1
BRDA:608,35,1,2
BRDA:616,36,0,1
BRDA:616,36,1,1
BRDA:653,37,0,1
BRDA:653,37,1,2
BRDA:659,38,0,1
BRDA:659,38,1,1
BRF:77
BRH:56
end_of_record
TN:
SF:server.js
FN:34,(anonymous_0)
FNF:1
FNH:0
FNDA:0,(anonymous_0)
DA:1,1
DA:2,1
DA:3,1
DA:4,1
DA:5,1
DA:6,1
DA:7,1
DA:9,1
DA:10,1
DA:15,1
DA:16,1
DA:21,1
DA:22,1
DA:23,1
DA:24,1
DA:25,1
DA:26,1
DA:27,1
DA:28,1
DA:29,1
DA:30,1
DA:32,1
DA:33,0
DA:34,0
DA:35,0
DA:40,1
LF:26
LH:23
BRDA:32,0,0,0
BRDA:32,0,1,1
BRF:2
BRH:1
end_of_record
TN:
SF:swaggerOptions.js
FNF:0
FNH:0
DA:2,1
DA:25,1
DA:31,1
LF:3
LH:3
BRF:0
BRH:0
end_of_record
